[debug] [2021-10-29T01:36:06.124Z] ----------------------------------------------------------------------
[debug] [2021-10-29T01:36:06.126Z] Command:       /Users/graham.grubbs/.nvm/versions/node/v14.17.1/bin/node /Users/graham.grubbs/.nvm/versions/node/v14.17.1/bin/firebase deploy
[debug] [2021-10-29T01:36:06.127Z] CLI Version:   9.21.0
[debug] [2021-10-29T01:36:06.127Z] Platform:      darwin
[debug] [2021-10-29T01:36:06.127Z] Node Version:  v14.17.1
[debug] [2021-10-29T01:36:06.135Z] Time:          Thu Oct 28 2021 19:36:06 GMT-0600 (Mountain Daylight Time)
[debug] [2021-10-29T01:36:06.135Z] ----------------------------------------------------------------------
[debug] 
[debug] [2021-10-29T01:36:06.192Z] > command requires scopes: ["email","openid","https://www.googleapis.com/auth/cloudplatformprojects.readonly","https://www.googleapis.com/auth/firebase","https://www.googleapis.com/auth/cloud-platform"]
[debug] [2021-10-29T01:36:06.193Z] > authorizing via signed-in user (ggrubbs9@gmail.com)
[debug] [2021-10-29T01:36:06.193Z] [iam] checking project fantasy-hockey-website for permissions ["datastore.indexes.create","datastore.indexes.delete","datastore.indexes.list","datastore.indexes.update","firebase.projects.get","firebasedatabase.instances.update","firebasehosting.sites.update","firebaserules.releases.create","firebaserules.releases.update","firebaserules.rulesets.create"]
[debug] [2021-10-29T01:36:06.196Z] >>> HTTP REQUEST POST https://cloudresourcemanager.googleapis.com/v1/projects/fantasy-hockey-website:testIamPermissions  
 {"permissions":["datastore.indexes.create","datastore.indexes.delete","datastore.indexes.list","datastore.indexes.update","firebase.projects.get","firebasedatabase.instances.update","firebasehosting.sites.update","firebaserules.releases.create","firebaserules.releases.update","firebaserules.rulesets.create"]}
[debug] [2021-10-29T01:36:06.347Z] <<< HTTP RESPONSE 200 {"content-type":"application/json; charset=UTF-8","vary":"X-Origin, Referer, Origin,Accept-Encoding","date":"Fri, 29 Oct 2021 01:36:06 GMT","server":"ESF","cache-control":"private","x-xss-protection":"0","x-frame-options":"SAMEORIGIN","x-content-type-options":"nosniff","server-timing":"gfet4t7; dur=53","alt-svc":"h3=\":443\"; ma=2592000,h3-29=\":443\"; ma=2592000,h3-Q050=\":443\"; ma=2592000,h3-Q046=\":443\"; ma=2592000,h3-Q043=\":443\"; ma=2592000,quic=\":443\"; ma=2592000; v=\"46,43\"","accept-ranges":"none","transfer-encoding":"chunked"}
[debug] [2021-10-29T01:36:06.350Z] > refreshing access token with scopes: []
[debug] [2021-10-29T01:36:06.350Z] >>> HTTP REQUEST POST https://www.googleapis.com/oauth2/v3/token  
 <request body omitted>
[debug] [2021-10-29T01:36:06.452Z] <<< HTTP RESPONSE 200 {"expires":"Mon, 01 Jan 1990 00:00:00 GMT","cache-control":"no-cache, no-store, max-age=0, must-revalidate","pragma":"no-cache","date":"Fri, 29 Oct 2021 01:36:06 GMT","content-type":"application/json; charset=utf-8","vary":"X-Origin, Referer, Origin,Accept-Encoding","server":"scaffolding on HTTPServer2","x-xss-protection":"0","x-frame-options":"SAMEORIGIN","x-content-type-options":"nosniff","alt-svc":"h3=\":443\"; ma=2592000,h3-29=\":443\"; ma=2592000,h3-Q050=\":443\"; ma=2592000,h3-Q046=\":443\"; ma=2592000,h3-Q043=\":443\"; ma=2592000,quic=\":443\"; ma=2592000; v=\"46,43\"","accept-ranges":"none","transfer-encoding":"chunked"}
[debug] [2021-10-29T01:36:06.508Z] >>> [apiv2][query] GET https://firebase.googleapis.com/v1beta1/projects/fantasy-hockey-website [none]
[debug] [2021-10-29T01:36:06.719Z] <<< [apiv2][status] GET https://firebase.googleapis.com/v1beta1/projects/fantasy-hockey-website 200
[debug] [2021-10-29T01:36:06.719Z] <<< [apiv2][body] GET https://firebase.googleapis.com/v1beta1/projects/fantasy-hockey-website {"projectId":"fantasy-hockey-website","projectNumber":"428055655900","displayName":"Fantasy Hockey Website","name":"projects/fantasy-hockey-website","resources":{"hostingSite":"fantasy-hockey-website","realtimeDatabaseInstance":"fantasy-hockey-website-default-rtdb","storageBucket":"fantasy-hockey-website.appspot.com","locationId":"us-central"},"state":"ACTIVE"}
[debug] [2021-10-29T01:36:06.719Z] >>> [apiv2][query] GET https://firebase.googleapis.com/v1beta1/projects/fantasy-hockey-website [none]
[debug] [2021-10-29T01:36:06.827Z] <<< [apiv2][status] GET https://firebase.googleapis.com/v1beta1/projects/fantasy-hockey-website 200
[debug] [2021-10-29T01:36:06.827Z] <<< [apiv2][body] GET https://firebase.googleapis.com/v1beta1/projects/fantasy-hockey-website {"projectId":"fantasy-hockey-website","projectNumber":"428055655900","displayName":"Fantasy Hockey Website","name":"projects/fantasy-hockey-website","resources":{"hostingSite":"fantasy-hockey-website","realtimeDatabaseInstance":"fantasy-hockey-website-default-rtdb","storageBucket":"fantasy-hockey-website.appspot.com","locationId":"us-central"},"state":"ACTIVE"}
[info] 
[info] === Deploying to 'fantasy-hockey-website'...
[info] 
[info] i  deploying database, storage, firestore, hosting 
[info] i  database: checking rules syntax... 
[debug] [2021-10-29T01:36:06.832Z] > refreshing access token with scopes: ["email","https://www.googleapis.com/auth/cloud-platform","https://www.googleapis.com/auth/cloudplatformprojects.readonly","https://www.googleapis.com/auth/firebase","openid"]
[debug] [2021-10-29T01:36:06.832Z] >>> HTTP REQUEST POST https://www.googleapis.com/oauth2/v3/token  
 <request body omitted>
[debug] [2021-10-29T01:36:06.919Z] <<< HTTP RESPONSE 200 {"date":"Fri, 29 Oct 2021 01:36:06 GMT","pragma":"no-cache","cache-control":"no-cache, no-store, max-age=0, must-revalidate","expires":"Mon, 01 Jan 1990 00:00:00 GMT","content-type":"application/json; charset=utf-8","vary":"X-Origin, Referer, Origin,Accept-Encoding","server":"scaffolding on HTTPServer2","x-xss-protection":"0","x-frame-options":"SAMEORIGIN","x-content-type-options":"nosniff","alt-svc":"h3=\":443\"; ma=2592000,h3-29=\":443\"; ma=2592000,h3-Q050=\":443\"; ma=2592000,h3-Q046=\":443\"; ma=2592000,h3-Q043=\":443\"; ma=2592000","accept-ranges":"none","transfer-encoding":"chunked"}
[debug] [2021-10-29T01:36:06.972Z] >>> HTTP REQUEST GET https://firebasedatabase.googleapis.com/v1beta/projects/fantasy-hockey-website/locations/-/instances/fantasy-hockey-website-default-rtdb  
 
[debug] [2021-10-29T01:36:07.159Z] <<< HTTP RESPONSE 200 {"content-type":"application/json; charset=UTF-8","vary":"X-Origin, Referer, Origin,Accept-Encoding","date":"Fri, 29 Oct 2021 01:36:07 GMT","server":"ESF","cache-control":"private","x-xss-protection":"0","x-frame-options":"SAMEORIGIN","x-content-type-options":"nosniff","alt-svc":"h3=\":443\"; ma=2592000,h3-29=\":443\"; ma=2592000,h3-Q050=\":443\"; ma=2592000,h3-Q046=\":443\"; ma=2592000,h3-Q043=\":443\"; ma=2592000","accept-ranges":"none","transfer-encoding":"chunked"}
[debug] [2021-10-29T01:36:07.161Z] >>> HTTP REQUEST PUT https://fantasy-hockey-website-default-rtdb.firebaseio.com/.settings/rules.json?dryRun=true  
 {
  /* Visit https://firebase.google.com/docs/database/security to learn more about security rules. */
  "rules": {
    ".read": false,
    ".write": false
  }
}
[debug] [2021-10-29T01:36:07.334Z] <<< HTTP RESPONSE 200 {"server":"nginx","date":"Fri, 29 Oct 2021 01:36:07 GMT","content-type":"application/json; charset=utf-8","content-length":"15","connection":"keep-alive","access-control-allow-origin":"*","cache-control":"no-cache","strict-transport-security":"max-age=31556926; includeSubDomains; preload"}
[info] ✔  database: rules syntax for database fantasy-hockey-website-default-rtdb is valid 
[debug] [2021-10-29T01:36:07.335Z] >>> HTTP REQUEST GET https://appengine.googleapis.com/v1/apps/fantasy-hockey-website  
 
[debug] [2021-10-29T01:36:07.651Z] <<< HTTP RESPONSE 200 {"content-type":"application/json; charset=UTF-8","vary":"X-Origin, Referer, Origin,Accept-Encoding","date":"Fri, 29 Oct 2021 01:36:07 GMT","server":"ESF","cache-control":"private","x-xss-protection":"0","x-frame-options":"SAMEORIGIN","x-content-type-options":"nosniff","alt-svc":"h3=\":443\"; ma=2592000,h3-29=\":443\"; ma=2592000,h3-Q050=\":443\"; ma=2592000,h3-Q046=\":443\"; ma=2592000,h3-Q043=\":443\"; ma=2592000","accept-ranges":"none","transfer-encoding":"chunked"}
[info] i  firebase.storage: checking storage.rules for compilation errors... 
[debug] [2021-10-29T01:36:07.654Z] >>> HTTP REQUEST POST https://firebaserules.googleapis.com/v1/projects/fantasy-hockey-website:test  
 {"source":{"files":[{"name":"storage.rules","content":"rules_version = '2';\nservice firebase.storage {\n  match /b/{bucket}/o {\n    match /{allPaths=**} {\n      allow read, write: if request.auth!=null;\n    }\n  }\n}\n"}]}}
[debug] [2021-10-29T01:36:07.817Z] <<< HTTP RESPONSE 200 {"content-type":"application/json; charset=UTF-8","vary":"X-Origin, Referer, Origin,Accept-Encoding","date":"Fri, 29 Oct 2021 01:36:07 GMT","server":"ESF","cache-control":"private","x-xss-protection":"0","x-frame-options":"SAMEORIGIN","x-content-type-options":"nosniff","alt-svc":"h3=\":443\"; ma=2592000,h3-29=\":443\"; ma=2592000,h3-Q050=\":443\"; ma=2592000,h3-Q046=\":443\"; ma=2592000,h3-Q043=\":443\"; ma=2592000,quic=\":443\"; ma=2592000; v=\"46,43\"","accept-ranges":"none","transfer-encoding":"chunked"}
[info] ✔  firebase.storage: rules file storage.rules compiled successfully 
[info] i  firestore: reading indexes from firestore.indexes.json... 
[info] i  cloud.firestore: checking firestore.rules for compilation errors... 
[debug] [2021-10-29T01:36:07.821Z] >>> HTTP REQUEST POST https://firebaserules.googleapis.com/v1/projects/fantasy-hockey-website:test  
 {"source":{"files":[{"name":"firestore.rules","content":"rules_version = '2';\nservice cloud.firestore {\n  match /databases/{database}/documents {\n    match /{document=**} {\n      allow read, write: if false;\n    }\n  }\n}"}]}}
[debug] [2021-10-29T01:36:07.930Z] <<< HTTP RESPONSE 200 {"content-type":"application/json; charset=UTF-8","vary":"X-Origin, Referer, Origin,Accept-Encoding","date":"Fri, 29 Oct 2021 01:36:07 GMT","server":"ESF","cache-control":"private","x-xss-protection":"0","x-frame-options":"SAMEORIGIN","x-content-type-options":"nosniff","alt-svc":"h3=\":443\"; ma=2592000,h3-29=\":443\"; ma=2592000,h3-Q050=\":443\"; ma=2592000,h3-Q046=\":443\"; ma=2592000,h3-Q043=\":443\"; ma=2592000,quic=\":443\"; ma=2592000; v=\"46,43\"","accept-ranges":"none","transfer-encoding":"chunked"}
[info] ✔  cloud.firestore: rules file firestore.rules compiled successfully 
[debug] [2021-10-29T01:36:07.933Z] >>> HTTP REQUEST POST https://firebasehosting.googleapis.com/v1beta1/sites/fantasy-hockey-website/versions  
 {"config":{},"labels":{"deployment-tool":"cli-firebase"}}
[debug] [2021-10-29T01:36:08.331Z] <<< HTTP RESPONSE 200 {"content-type":"application/json; charset=UTF-8","vary":"X-Origin, Referer, Origin,Accept-Encoding","date":"Fri, 29 Oct 2021 01:36:08 GMT","server":"ESF","cache-control":"private","x-xss-protection":"0","x-frame-options":"SAMEORIGIN","x-content-type-options":"nosniff","alt-svc":"h3=\":443\"; ma=2592000,h3-29=\":443\"; ma=2592000,h3-Q050=\":443\"; ma=2592000,h3-Q046=\":443\"; ma=2592000,h3-Q043=\":443\"; ma=2592000,quic=\":443\"; ma=2592000; v=\"46,43\"","accept-ranges":"none","transfer-encoding":"chunked"}
[debug] [2021-10-29T01:36:08.333Z] >>> HTTP REQUEST GET https://firebaserules.googleapis.com/v1/projects/fantasy-hockey-website/releases?pageSize=10&pageToken=  
 
[debug] [2021-10-29T01:36:08.459Z] <<< HTTP RESPONSE 200 {"content-type":"application/json; charset=UTF-8","vary":"X-Origin, Referer, Origin,Accept-Encoding","date":"Fri, 29 Oct 2021 01:36:08 GMT","server":"ESF","cache-control":"private","x-xss-protection":"0","x-frame-options":"SAMEORIGIN","x-content-type-options":"nosniff","alt-svc":"h3=\":443\"; ma=2592000,h3-29=\":443\"; ma=2592000,h3-Q050=\":443\"; ma=2592000,h3-Q046=\":443\"; ma=2592000,h3-Q043=\":443\"; ma=2592000,quic=\":443\"; ma=2592000; v=\"46,43\"","accept-ranges":"none","transfer-encoding":"chunked"}
[debug] [2021-10-29T01:36:08.460Z] >>> HTTP REQUEST GET https://firebaserules.googleapis.com/v1/projects/fantasy-hockey-website/rulesets/26323e49-b3ca-4222-87da-730011837cf7  
 
[debug] [2021-10-29T01:36:08.590Z] <<< HTTP RESPONSE 200 {"content-type":"application/json; charset=UTF-8","vary":"X-Origin, Referer, Origin,Accept-Encoding","date":"Fri, 29 Oct 2021 01:36:08 GMT","server":"ESF","cache-control":"private","x-xss-protection":"0","x-frame-options":"SAMEORIGIN","x-content-type-options":"nosniff","alt-svc":"h3=\":443\"; ma=2592000,h3-29=\":443\"; ma=2592000,h3-Q050=\":443\"; ma=2592000,h3-Q046=\":443\"; ma=2592000,h3-Q043=\":443\"; ma=2592000,quic=\":443\"; ma=2592000; v=\"46,43\"","accept-ranges":"none","transfer-encoding":"chunked"}
[info] i  storage: latest version of storage.rules already up to date, skipping upload... 
[debug] [2021-10-29T01:36:08.594Z] >>> HTTP REQUEST GET https://firebaserules.googleapis.com/v1/projects/fantasy-hockey-website/releases?pageSize=10&pageToken=  
 
[debug] [2021-10-29T01:36:08.594Z] >>> HTTP REQUEST GET https://firestore.googleapis.com/v1/projects/fantasy-hockey-website/databases/(default)/collectionGroups/-/indexes  
 
[debug] [2021-10-29T01:36:08.714Z] <<< HTTP RESPONSE 200 {"content-type":"application/json; charset=UTF-8","vary":"X-Origin, Referer, Origin,Accept-Encoding","date":"Fri, 29 Oct 2021 01:36:08 GMT","server":"ESF","cache-control":"private","x-xss-protection":"0","x-frame-options":"SAMEORIGIN","x-content-type-options":"nosniff","alt-svc":"h3=\":443\"; ma=2592000,h3-29=\":443\"; ma=2592000,h3-Q050=\":443\"; ma=2592000,h3-Q046=\":443\"; ma=2592000,h3-Q043=\":443\"; ma=2592000,quic=\":443\"; ma=2592000; v=\"46,43\"","accept-ranges":"none","transfer-encoding":"chunked"}
[debug] [2021-10-29T01:36:08.715Z] >>> HTTP REQUEST GET https://firebaserules.googleapis.com/v1/projects/fantasy-hockey-website/rulesets/ce6af38e-c8a1-45ab-9d5b-4d6320250e5b  
 
[debug] [2021-10-29T01:36:08.790Z] <<< HTTP RESPONSE 200 {"content-type":"application/json; charset=UTF-8","vary":"X-Origin, Referer, Origin,Accept-Encoding","date":"Fri, 29 Oct 2021 01:36:08 GMT","server":"ESF","cache-control":"private","x-xss-protection":"0","x-frame-options":"SAMEORIGIN","x-content-type-options":"nosniff","alt-svc":"h3=\":443\"; ma=2592000,h3-29=\":443\"; ma=2592000,h3-Q050=\":443\"; ma=2592000,h3-Q046=\":443\"; ma=2592000,h3-Q043=\":443\"; ma=2592000","accept-ranges":"none","transfer-encoding":"chunked"}
[debug] [2021-10-29T01:36:08.791Z] >>> HTTP REQUEST GET https://firestore.googleapis.com/v1/projects/fantasy-hockey-website/databases/(default)/collectionGroups/-/fields?filter=indexConfig.usesAncestorConfig=false  
 
[debug] [2021-10-29T01:36:08.832Z] <<< HTTP RESPONSE 200 {"content-type":"application/json; charset=UTF-8","vary":"X-Origin, Referer, Origin,Accept-Encoding","date":"Fri, 29 Oct 2021 01:36:08 GMT","server":"ESF","cache-control":"private","x-xss-protection":"0","x-frame-options":"SAMEORIGIN","x-content-type-options":"nosniff","alt-svc":"h3=\":443\"; ma=2592000,h3-29=\":443\"; ma=2592000,h3-Q050=\":443\"; ma=2592000,h3-Q046=\":443\"; ma=2592000,h3-Q043=\":443\"; ma=2592000,quic=\":443\"; ma=2592000; v=\"46,43\"","accept-ranges":"none","transfer-encoding":"chunked"}
[info] i  firestore: latest version of firestore.rules already up to date, skipping upload... 
[debug] [2021-10-29T01:36:08.996Z] <<< HTTP RESPONSE 200 {"content-type":"application/json; charset=UTF-8","vary":"X-Origin, Referer, Origin,Accept-Encoding","date":"Fri, 29 Oct 2021 01:36:09 GMT","server":"ESF","cache-control":"private","x-xss-protection":"0","x-frame-options":"SAMEORIGIN","x-content-type-options":"nosniff","alt-svc":"h3=\":443\"; ma=2592000,h3-29=\":443\"; ma=2592000,h3-Q050=\":443\"; ma=2592000,h3-Q046=\":443\"; ma=2592000,h3-Q043=\":443\"; ma=2592000","accept-ranges":"none","transfer-encoding":"chunked"}
[info] ✔  firestore: deployed indexes in firestore.indexes.json successfully 
[info] i  hosting[fantasy-hockey-website]: beginning deploy... 
[info] i  hosting[fantasy-hockey-website]: found 7 files in public 
[debug] [2021-10-29T01:36:09.011Z] > refreshing access token with scopes: []
[debug] [2021-10-29T01:36:09.011Z] >>> HTTP REQUEST POST https://www.googleapis.com/oauth2/v3/token  
 <request body omitted>
[debug] [2021-10-29T01:36:09.013Z] [hosting] hash cache [cHVibGlj] stored for 7 files
[debug] [2021-10-29T01:36:09.013Z] [hosting][hash queue][FINAL] {"max":4,"min":0,"avg":0.5714285714285714,"active":0,"complete":7,"success":7,"errored":0,"retried":0,"total":7,"elapsed":7}
[debug] [2021-10-29T01:36:09.104Z] <<< HTTP RESPONSE 200 {"expires":"Mon, 01 Jan 1990 00:00:00 GMT","pragma":"no-cache","date":"Fri, 29 Oct 2021 01:36:09 GMT","cache-control":"no-cache, no-store, max-age=0, must-revalidate","content-type":"application/json; charset=utf-8","vary":"X-Origin, Referer, Origin,Accept-Encoding","server":"scaffolding on HTTPServer2","x-xss-protection":"0","x-frame-options":"SAMEORIGIN","x-content-type-options":"nosniff","alt-svc":"h3=\":443\"; ma=2592000,h3-29=\":443\"; ma=2592000,h3-Q050=\":443\"; ma=2592000,h3-Q046=\":443\"; ma=2592000,h3-Q043=\":443\"; ma=2592000","accept-ranges":"none","transfer-encoding":"chunked"}
[debug] [2021-10-29T01:36:09.159Z] >>> [apiv2][query] POST https://firebasehosting.googleapis.com/v1beta1/sites/fantasy-hockey-website/versions/93b11c422d2c225f:populateFiles [none]
[debug] [2021-10-29T01:36:09.159Z] >>> [apiv2][body] POST https://firebasehosting.googleapis.com/v1beta1/sites/fantasy-hockey-website/versions/93b11c422d2c225f:populateFiles {"files":{"/404.html":"05cbc6f94d7a69ce2e29646eab13be2c884e61ba93e3094df5028866876d18b3","/favicon.ico":"b72f7455f00e4e58792d2bca892abb068e2213838c0316d6b7a0d6d16acd1955","/logo192.png":"caff018b7f1e8fd481eb1c50d75b0ef236bcd5078b1d15c8bb348453fee30293","/logo512.png":"191fc21360b4ccfb1cda11a1efb97f489ed22672ca83f4064316802bbfdd750e","/manifest.json":"341d52628782f8ac9290bbfc43298afccb47b7cbfcee146ae30cf0f46bc30900","/robots.txt":"391d14b3c2f8c9143a27a28c7399585142228d4d1bdbe2c87ac946de411fa9a2","/index.html":"d5af5f5911189e5b995e88118f6451548e0b906865b7f54887c7571cd64e5fd1"}}
[debug] [2021-10-29T01:36:09.425Z] <<< [apiv2][status] POST https://firebasehosting.googleapis.com/v1beta1/sites/fantasy-hockey-website/versions/93b11c422d2c225f:populateFiles 200
[debug] [2021-10-29T01:36:09.425Z] <<< [apiv2][body] POST https://firebasehosting.googleapis.com/v1beta1/sites/fantasy-hockey-website/versions/93b11c422d2c225f:populateFiles {"uploadRequiredHashes":["d5af5f5911189e5b995e88118f6451548e0b906865b7f54887c7571cd64e5fd1"],"uploadUrl":"https://upload-firebasehosting.googleapis.com/upload/sites/fantasy-hockey-website/versions/93b11c422d2c225f/files"}
[debug] [2021-10-29T01:36:09.426Z] >>> [apiv2][query] POST https://upload-firebasehosting.googleapis.com/upload/sites/fantasy-hockey-website/versions/93b11c422d2c225f/files/d5af5f5911189e5b995e88118f6451548e0b906865b7f54887c7571cd64e5fd1 [none]
[debug] [2021-10-29T01:36:09.426Z] >>> [apiv2][body] POST https://upload-firebasehosting.googleapis.com/upload/sites/fantasy-hockey-website/versions/93b11c422d2c225f/files/d5af5f5911189e5b995e88118f6451548e0b906865b7f54887c7571cd64e5fd1 [stream]
[debug] [2021-10-29T01:36:09.428Z] [hosting][populate queue][FINAL] {"max":415,"min":415,"avg":415,"active":0,"complete":1,"success":1,"errored":0,"retried":0,"total":1,"elapsed":417}
[debug] [2021-10-29T01:36:09.428Z] [hosting] uploads queued: 1
[debug] [2021-10-29T01:36:09.964Z] <<< [apiv2][status] POST https://upload-firebasehosting.googleapis.com/upload/sites/fantasy-hockey-website/versions/93b11c422d2c225f/files/d5af5f5911189e5b995e88118f6451548e0b906865b7f54887c7571cd64e5fd1 200
[debug] [2021-10-29T01:36:09.964Z] <<< [apiv2][body] POST https://upload-firebasehosting.googleapis.com/upload/sites/fantasy-hockey-website/versions/93b11c422d2c225f/files/d5af5f5911189e5b995e88118f6451548e0b906865b7f54887c7571cd64e5fd1 [stream]
[debug] [2021-10-29T01:36:09.964Z] [hosting][upload queue][FINAL] {"max":539,"min":539,"avg":539,"active":0,"complete":1,"success":1,"errored":0,"retried":0,"total":1,"elapsed":539}
[info] ✔  hosting[fantasy-hockey-website]: file upload complete 
[debug] [2021-10-29T01:36:09.965Z] [hosting] deploy completed after 968ms
[info] i  database: releasing rules... 
[debug] [2021-10-29T01:36:09.986Z] > refreshing access token with scopes: ["email","https://www.googleapis.com/auth/cloud-platform","https://www.googleapis.com/auth/cloudplatformprojects.readonly","https://www.googleapis.com/auth/firebase","openid"]
[debug] [2021-10-29T01:36:09.986Z] >>> HTTP REQUEST POST https://www.googleapis.com/oauth2/v3/token  
 <request body omitted>
[debug] [2021-10-29T01:36:10.075Z] <<< HTTP RESPONSE 200 {"expires":"Mon, 01 Jan 1990 00:00:00 GMT","cache-control":"no-cache, no-store, max-age=0, must-revalidate","date":"Fri, 29 Oct 2021 01:36:10 GMT","pragma":"no-cache","content-type":"application/json; charset=utf-8","vary":"X-Origin, Referer, Origin,Accept-Encoding","server":"scaffolding on HTTPServer2","x-xss-protection":"0","x-frame-options":"SAMEORIGIN","x-content-type-options":"nosniff","alt-svc":"h3=\":443\"; ma=2592000,h3-29=\":443\"; ma=2592000,h3-Q050=\":443\"; ma=2592000,h3-Q046=\":443\"; ma=2592000,h3-Q043=\":443\"; ma=2592000,quic=\":443\"; ma=2592000; v=\"46,43\"","accept-ranges":"none","transfer-encoding":"chunked"}
[debug] [2021-10-29T01:36:10.130Z] >>> HTTP REQUEST GET https://firebasedatabase.googleapis.com/v1beta/projects/fantasy-hockey-website/locations/-/instances/fantasy-hockey-website-default-rtdb  
 
[debug] [2021-10-29T01:36:10.345Z] <<< HTTP RESPONSE 200 {"content-type":"application/json; charset=UTF-8","vary":"X-Origin, Referer, Origin,Accept-Encoding","date":"Fri, 29 Oct 2021 01:36:10 GMT","server":"ESF","cache-control":"private","x-xss-protection":"0","x-frame-options":"SAMEORIGIN","x-content-type-options":"nosniff","alt-svc":"h3=\":443\"; ma=2592000,h3-29=\":443\"; ma=2592000,h3-Q050=\":443\"; ma=2592000,h3-Q046=\":443\"; ma=2592000,h3-Q043=\":443\"; ma=2592000","accept-ranges":"none","transfer-encoding":"chunked"}
[debug] [2021-10-29T01:36:10.346Z] >>> HTTP REQUEST PUT https://fantasy-hockey-website-default-rtdb.firebaseio.com/.settings/rules.json  
 {
  /* Visit https://firebase.google.com/docs/database/security to learn more about security rules. */
  "rules": {
    ".read": false,
    ".write": false
  }
}
[debug] [2021-10-29T01:36:10.584Z] <<< HTTP RESPONSE 200 {"server":"nginx","date":"Fri, 29 Oct 2021 01:36:10 GMT","content-type":"application/json; charset=utf-8","content-length":"15","connection":"keep-alive","access-control-allow-origin":"*","cache-control":"no-cache","strict-transport-security":"max-age=31556926; includeSubDomains; preload"}
[info] ✔  database: rules for database fantasy-hockey-website-default-rtdb released successfully 
[debug] [2021-10-29T01:36:10.586Z] [rules] releasing firebase.storage/fantasy-hockey-website.appspot.com with ruleset projects/fantasy-hockey-website/rulesets/26323e49-b3ca-4222-87da-730011837cf7
[debug] [2021-10-29T01:36:10.586Z] >>> HTTP REQUEST PATCH https://firebaserules.googleapis.com/v1/projects/fantasy-hockey-website/releases/firebase.storage/fantasy-hockey-website.appspot.com  
 {"release":{"name":"projects/fantasy-hockey-website/releases/firebase.storage/fantasy-hockey-website.appspot.com","rulesetName":"projects/fantasy-hockey-website/rulesets/26323e49-b3ca-4222-87da-730011837cf7"}}
[debug] [2021-10-29T01:36:10.742Z] <<< HTTP RESPONSE 200 {"content-type":"application/json; charset=UTF-8","vary":"X-Origin, Referer, Origin,Accept-Encoding","date":"Fri, 29 Oct 2021 01:36:10 GMT","server":"ESF","cache-control":"private","x-xss-protection":"0","x-frame-options":"SAMEORIGIN","x-content-type-options":"nosniff","alt-svc":"h3=\":443\"; ma=2592000,h3-29=\":443\"; ma=2592000,h3-Q050=\":443\"; ma=2592000,h3-Q046=\":443\"; ma=2592000,h3-Q043=\":443\"; ma=2592000,quic=\":443\"; ma=2592000; v=\"46,43\"","accept-ranges":"none","transfer-encoding":"chunked"}
[debug] [2021-10-29T01:36:10.743Z] [rules] updated release projects/fantasy-hockey-website/releases/firebase.storage/fantasy-hockey-website.appspot.com
[info] ✔  storage: released rules storage.rules to firebase.storage 
[debug] [2021-10-29T01:36:10.744Z] [rules] releasing cloud.firestore with ruleset projects/fantasy-hockey-website/rulesets/ce6af38e-c8a1-45ab-9d5b-4d6320250e5b
[debug] [2021-10-29T01:36:10.744Z] >>> HTTP REQUEST PATCH https://firebaserules.googleapis.com/v1/projects/fantasy-hockey-website/releases/cloud.firestore  
 {"release":{"name":"projects/fantasy-hockey-website/releases/cloud.firestore","rulesetName":"projects/fantasy-hockey-website/rulesets/ce6af38e-c8a1-45ab-9d5b-4d6320250e5b"}}
[debug] [2021-10-29T01:36:10.903Z] <<< HTTP RESPONSE 200 {"content-type":"application/json; charset=UTF-8","vary":"X-Origin, Referer, Origin,Accept-Encoding","date":"Fri, 29 Oct 2021 01:36:10 GMT","server":"ESF","cache-control":"private","x-xss-protection":"0","x-frame-options":"SAMEORIGIN","x-content-type-options":"nosniff","alt-svc":"h3=\":443\"; ma=2592000,h3-29=\":443\"; ma=2592000,h3-Q050=\":443\"; ma=2592000,h3-Q046=\":443\"; ma=2592000,h3-Q043=\":443\"; ma=2592000,quic=\":443\"; ma=2592000; v=\"46,43\"","accept-ranges":"none","transfer-encoding":"chunked"}
[debug] [2021-10-29T01:36:10.904Z] [rules] updated release projects/fantasy-hockey-website/releases/cloud.firestore
[info] ✔  firestore: released rules firestore.rules to cloud.firestore 
[debug] [2021-10-29T01:36:10.904Z] [
  {
    "config": {
      "public": "public",
      "ignore": [
        "firebase.json",
        "**/.*",
        "**/node_modules/**"
      ],
      "site": "fantasy-hockey-website"
    },
    "site": "fantasy-hockey-website",
    "version": "sites/fantasy-hockey-website/versions/93b11c422d2c225f"
  }
]
[info] i  hosting[fantasy-hockey-website]: finalizing version... 
[debug] [2021-10-29T01:36:10.904Z] >>> HTTP REQUEST PATCH https://firebasehosting.googleapis.com/v1beta1/sites/fantasy-hockey-website/versions/93b11c422d2c225f?updateMask=status  
 {"status":"FINALIZED"}
[debug] [2021-10-29T01:36:21.057Z] <<< HTTP RESPONSE 503 {"vary":"X-Origin, Referer, Origin,Accept-Encoding","content-type":"application/json; charset=UTF-8","date":"Fri, 29 Oct 2021 01:36:21 GMT","server":"ESF","cache-control":"private","x-xss-protection":"0","x-frame-options":"SAMEORIGIN","x-content-type-options":"nosniff","alt-svc":"h3=\":443\"; ma=2592000,h3-29=\":443\"; ma=2592000,h3-Q050=\":443\"; ma=2592000,h3-Q046=\":443\"; ma=2592000,h3-Q043=\":443\"; ma=2592000,quic=\":443\"; ma=2592000; v=\"46,43\"","accept-ranges":"none","transfer-encoding":"chunked"}
[debug] [2021-10-29T01:36:21.058Z] <<< HTTP RESPONSE BODY {"error":{"code":503,"message":"The service is currently unavailable.","status":"UNAVAILABLE"}}
[error] 
[error] Error: HTTP Error: 503, The service is currently unavailable.
[debug] [2021-10-29T01:36:21.138Z] Error Context: {
  "body": {
    "error": {
      "code": 503,
      "message": "The service is currently unavailable.",
      "status": "UNAVAILABLE"
    }
  },
  "response": {
    "statusCode": 503,
    "body": {
      "error": {
        "code": 503,
        "message": "The service is currently unavailable.",
        "status": "UNAVAILABLE"
      }
    },
    "headers": {
      "vary": "X-Origin, Referer, Origin,Accept-Encoding",
      "content-type": "application/json; charset=UTF-8",
      "date": "Fri, 29 Oct 2021 01:36:21 GMT",
      "server": "ESF",
      "cache-control": "private",
      "x-xss-protection": "0",
      "x-frame-options": "SAMEORIGIN",
      "x-content-type-options": "nosniff",
      "alt-svc": "h3=\":443\"; ma=2592000,h3-29=\":443\"; ma=2592000,h3-Q050=\":443\"; ma=2592000,h3-Q046=\":443\"; ma=2592000,h3-Q043=\":443\"; ma=2592000,quic=\":443\"; ma=2592000; v=\"46,43\"",
      "accept-ranges": "none",
      "transfer-encoding": "chunked"
    },
    "request": {
      "uri": {
        "protocol": "https:",
        "slashes": true,
        "auth": null,
        "host": "firebasehosting.googleapis.com",
        "port": 443,
        "hostname": "firebasehosting.googleapis.com",
        "hash": null,
        "search": "?updateMask=status",
        "query": "updateMask=status",
        "pathname": "/v1beta1/sites/fantasy-hockey-website/versions/93b11c422d2c225f",
        "path": "/v1beta1/sites/fantasy-hockey-website/versions/93b11c422d2c225f?updateMask=status",
        "href": "https://firebasehosting.googleapis.com/v1beta1/sites/fantasy-hockey-website/versions/93b11c422d2c225f?updateMask=status"
      },
      "method": "PATCH"
    }
  }
}
